# JRE version: OpenJDK Runtime Environment Temurin-21.0.10+7 (21.0.10+7) (build 21.0.10+7-LTS)
# Java VM: OpenJDK 64-Bit Server VM Temurin-21.0.10+7 (21.0.10+7-LTS, mixed mode, sharing, tiered, compressed oops, compressed class ptrs, parallel gc, windows-amd64)
GC Precious Log:
 CardTable entry size: 512
 CPUs: 12 total, 12 available
 Memory: 32549M
 Large Page Support: Disabled
 NUMA Support: Disabled
 Compressed Oops: Enabled (32-bit)
 Alignments: Space 512K, Generation 512K, Heap 2M
 Heap Min Capacity: 100M
 Heap Initial Capacity: 100M
 Heap Max Capacity: 2G
 Pre-touch: Disabled
 Parallel Workers: 10
Heap:
 PSYoungGen      total 15872K, used 5383K [0x00000000d5580000, 0x00000000d6680000, 0x0000000100000000)
  eden space 15360K, 32% used [0x00000000d5580000,0x00000000d5a71f18,0x00000000d6480000)
  from space 512K, 62% used [0x00000000d6480000,0x00000000d64d0000,0x00000000d6500000)
  to   space 1024K, 0% used [0x00000000d6580000,0x00000000d6580000,0x00000000d6680000)
 ParOldGen       total 68608K, used 44131K [0x0000000080000000, 0x0000000084300000, 0x00000000d5580000)
  object space 68608K, 64% used [0x0000000080000000,0x0000000082b18fe0,0x0000000084300000)
 Metaspace       used 68893K, committed 70272K, reserved 1114112K
  class space    used 8628K, committed 9216K, reserved 1048576K
GC Heap History (20 events):
Event: 39.416 GC heap before
{Heap before GC invocations=45 (full 3):
 PSYoungGen      total 16896K, used 16599K [0x00000000d5580000, 0x00000000d6880000, 0x0000000100000000)
  eden space 15872K, 100% used [0x00000000d5580000,0x00000000d6500000,0x00000000d6500000)
  from space 1024K, 71% used [0x00000000d6680000,0x00000000d6735e88,0x00000000d6780000)
  to   space 1024K, 0% used [0x00000000d6780000,0x00000000d6780000,0x00000000d6880000)
 ParOldGen       total 68608K, used 42188K [0x0000000080000000, 0x0000000084300000, 0x00000000d5580000)
  object space 68608K, 61% used [0x0000000080000000,0x0000000082933150,0x0000000084300000)
 Metaspace       used 65571K, committed 66816K, reserved 1114112K
  class space    used 8205K, committed 8704K, reserved 1048576K
}
Event: 39.416 GC heap after
{Heap after GC invocations=45 (full 3):
 PSYoungGen      total 16896K, used 824K [0x00000000d5580000, 0x00000000d6880000, 0x0000000100000000)
  eden space 15872K, 0% used [0x00000000d5580000,0x00000000d5580000,0x00000000d6500000)
  from space 1024K, 80% used [0x00000000d6780000,0x00000000d684e058,0x00000000d6880000)
  to   space 1024K, 0% used [0x00000000d6680000,0x00000000d6680000,0x00000000d6780000)
 ParOldGen       total 68608K, used 42244K [0x0000000080000000, 0x0000000084300000, 0x00000000d5580000)
  object space 68608K, 61% used [0x0000000080000000,0x0000000082941150,0x0000000084300000)
 Metaspace       used 65571K, committed 66816K, reserved 1114112K
  class space    used 8205K, committed 8704K, reserved 1048576K
}
Event: 39.609 GC heap before
{Heap before GC invocations=46 (full 3):
 PSYoungGen      total 16896K, used 16696K [0x00000000d5580000, 0x00000000d6880000, 0x0000000100000000)
  eden space 15872K, 100% used [0x00000000d5580000,0x00000000d6500000,0x00000000d6500000)
  from space 1024K, 80% used [0x00000000d6780000,0x00000000d684e058,0x00000000d6880000)
  to   space 1024K, 0% used [0x00000000d6680000,0x00000000d6680000,0x00000000d6780000)
 ParOldGen       total 68608K, used 42244K [0x0000000080000000, 0x0000000084300000, 0x00000000d5580000)
  object space 68608K, 61% used [0x0000000080000000,0x0000000082941150,0x0000000084300000)
 Metaspace       used 65571K, committed 66816K, reserved 1114112K
  class space    used 8205K, committed 8704K, reserved 1048576K
}
Event: 39.609 GC heap after
{Heap after GC invocations=46 (full 3):
 PSYoungGen      total 16384K, used 397K [0x00000000d5580000, 0x00000000d6800000, 0x0000000100000000)
  eden space 15872K, 0% used [0x00000000d5580000,0x00000000d5580000,0x00000000d6500000)
  from space 512K, 77% used [0x00000000d6680000,0x00000000d66e3420,0x00000000d6700000)
  to   space 1024K, 0% used [0x00000000d6700000,0x00000000d6700000,0x00000000d6800000)
 ParOldGen       total 68608K, used 42316K [0x0000000080000000, 0x0000000084300000, 0x00000000d5580000)
  object space 68608K, 61% used [0x0000000080000000,0x0000000082953160,0x0000000084300000)
 Metaspace       used 65571K, committed 66816K, reserved 1114112K
  class space    used 8205K, committed 8704K, reserved 1048576K
}
Event: 39.771 GC heap before
{Heap before GC invocations=47 (full 3):
 PSYoungGen      total 16384K, used 16269K [0x00000000d5580000, 0x00000000d6800000, 0x0000000100000000)
  eden space 15872K, 100% used [0x00000000d5580000,0x00000000d6500000,0x00000000d6500000)
  from space 512K, 77% used [0x00000000d6680000,0x00000000d66e3420,0x00000000d6700000)
  to   space 1024K, 0% used [0x00000000d6700000,0x00000000d6700000,0x00000000d6800000)
 ParOldGen       total 68608K, used 42316K [0x0000000080000000, 0x0000000084300000, 0x00000000d5580000)
  object space 68608K, 61% used [0x0000000080000000,0x0000000082953160,0x0000000084300000)
 Metaspace       used 65571K, committed 66816K, reserved 1114112K
  class space    used 8205K, committed 8704K, reserved 1048576K
}
Event: 39.772 GC heap after
{Heap after GC invocations=47 (full 3):
 PSYoungGen      total 16896K, used 996K [0x00000000d5580000, 0x00000000d6800000, 0x0000000100000000)
  eden space 15872K, 0% used [0x00000000d5580000,0x00000000d5580000,0x00000000d6500000)
  from space 1024K, 97% used [0x00000000d6700000,0x00000000d67f91e8,0x00000000d6800000)
  to   space 1536K, 0% used [0x00000000d6500000,0x00000000d6500000,0x00000000d6680000)
 ParOldGen       total 68608K, used 42398K [0x0000000080000000, 0x0000000084300000, 0x00000000d5580000)
  object space 68608K, 61% used [0x0000000080000000,0x00000000829679c8,0x0000000084300000)
 Metaspace       used 65571K, committed 66816K, reserved 1114112K
  class space    used 8205K, committed 8704K, reserved 1048576K
}
Event: 39.955 GC heap before
{Heap before GC invocations=48 (full 3):
 PSYoungGen      total 16896K, used 16868K [0x00000000d5580000, 0x00000000d6800000, 0x0000000100000000)
  eden space 15872K, 100% used [0x00000000d5580000,0x00000000d6500000,0x00000000d6500000)
  from space 1024K, 97% used [0x00000000d6700000,0x00000000d67f91e8,0x00000000d6800000)
  to   space 1536K, 0% used [0x00000000d6500000,0x00000000d6500000,0x00000000d6680000)
 ParOldGen       total 68608K, used 42398K [0x0000000080000000, 0x0000000084300000, 0x00000000d5580000)
  object space 68608K, 61% used [0x0000000080000000,0x00000000829679c8,0x0000000084300000)
 Metaspace       used 65571K, committed 66816K, reserved 1114112K
  class space    used 8205K, committed 8704K, reserved 1048576K
}
Event: 39.956 GC heap after
{Heap after GC invocations=48 (full 3):
 PSYoungGen      total 17408K, used 1075K [0x00000000d5580000, 0x00000000d6800000, 0x0000000100000000)
  eden space 15872K, 0% used [0x00000000d5580000,0x00000000d5580000,0x00000000d6500000)
  from space 1536K, 69% used [0x00000000d6500000,0x00000000d660cc20,0x00000000d6680000)
  to   space 1536K, 0% used [0x00000000d6680000,0x00000000d6680000,0x00000000d6800000)
 ParOldGen       total 68608K, used 42478K [0x0000000080000000, 0x0000000084300000, 0x00000000d5580000)
  object space 68608K, 61% used [0x0000000080000000,0x000000008297b9d8,0x0000000084300000)
 Metaspace       used 65571K, committed 66816K, reserved 1114112K
  class space    used 8205K, committed 8704K, reserved 1048576K
}
Event: 40.143 GC heap before
{Heap before GC invocations=49 (full 3):
 PSYoungGen      total 17408K, used 16947K [0x00000000d5580000, 0x00000000d6800000, 0x0000000100000000)
  eden space 15872K, 100% used [0x00000000d5580000,0x00000000d6500000,0x00000000d6500000)
  from space 1536K, 69% used [0x00000000d6500000,0x00000000d660cc20,0x00000000d6680000)
  to   space 1536K, 0% used [0x00000000d6680000,0x00000000d6680000,0x00000000d6800000)
 ParOldGen       total 68608K, used 42478K [0x0000000080000000, 0x0000000084300000, 0x00000000d5580000)
  object space 68608K, 61% used [0x0000000080000000,0x000000008297b9d8,0x0000000084300000)
 Metaspace       used 65571K, committed 66816K, reserved 1114112K
  class space    used 8205K, committed 8704K, reserved 1048576K
}
Event: 40.143 GC heap after
{Heap after GC invocations=49 (full 3):
 PSYoungGen      total 16384K, used 397K [0x00000000d5580000, 0x00000000d6700000, 0x0000000100000000)
  eden space 15872K, 0% used [0x00000000d5580000,0x00000000d5580000,0x00000000d6500000)
  from space 512K, 77% used [0x00000000d6680000,0x00000000d66e3420,0x00000000d6700000)
  to   space 1024K, 0% used [0x00000000d6500000,0x00000000d6500000,0x00000000d6600000)
 ParOldGen       total 68608K, used 42526K [0x0000000080000000, 0x0000000084300000, 0x00000000d5580000)
  object space 68608K, 61% used [0x0000000080000000,0x00000000829879d8,0x0000000084300000)
 Metaspace       used 65571K, committed 66816K, reserved 1114112K
  class space    used 8205K, committed 8704K, reserved 1048576K
}
Event: 40.299 GC heap before
{Heap before GC invocations=50 (full 3):
 PSYoungGen      total 16384K, used 16269K [0x00000000d5580000, 0x00000000d6700000, 0x0000000100000000)
  eden space 15872K, 100% used [0x00000000d5580000,0x00000000d6500000,0x00000000d6500000)
  from space 512K, 77% used [0x00000000d6680000,0x00000000d66e3420,0x00000000d6700000)
  to   space 1024K, 0% used [0x00000000d6500000,0x00000000d6500000,0x00000000d6600000)
 ParOldGen       total 68608K, used 42526K [0x0000000080000000, 0x0000000084300000, 0x00000000d5580000)
  object space 68608K, 61% used [0x0000000080000000,0x00000000829879d8,0x0000000084300000)
 Metaspace       used 65571K, committed 66816K, reserved 1114112K
  class space    used 8205K, committed 8704K, reserved 1048576K
}
Event: 40.299 GC heap after
{Heap after GC invocations=50 (full 3):
 PSYoungGen      total 16896K, used 1021K [0x00000000d5580000, 0x00000000d6800000, 0x0000000100000000)
  eden space 15872K, 0% used [0x00000000d5580000,0x00000000d5580000,0x00000000d6500000)
  from space 1024K, 99% used [0x00000000d6500000,0x00000000d65ff420,0x00000000d6600000)
  to   space 1536K, 0% used [0x00000000d6680000,0x00000000d6680000,0x00000000d6800000)
 ParOldGen       total 68608K, used 42635K [0x0000000080000000, 0x0000000084300000, 0x00000000d5580000)
  object space 68608K, 62% used [0x0000000080000000,0x00000000829a2f50,0x0000000084300000)
 Metaspace       used 65571K, committed 66816K, reserved 1114112K
  class space    used 8205K, committed 8704K, reserved 1048576K
}
Event: 40.721 GC heap before
{Heap before GC invocations=51 (full 3):
 PSYoungGen      total 16896K, used 16893K [0x00000000d5580000, 0x00000000d6800000, 0x0000000100000000)
  eden space 15872K, 100% used [0x00000000d5580000,0x00000000d6500000,0x00000000d6500000)
  from space 1024K, 99% used [0x00000000d6500000,0x00000000d65ff420,0x00000000d6600000)
  to   space 1536K, 0% used [0x00000000d6680000,0x00000000d6680000,0x00000000d6800000)
 ParOldGen       total 68608K, used 42635K [0x0000000080000000, 0x0000000084300000, 0x00000000d5580000)
  object space 68608K, 62% used [0x0000000080000000,0x00000000829a2f50,0x0000000084300000)
 Metaspace       used 66537K, committed 67776K, reserved 1114112K
  class space    used 8357K, committed 8896K, reserved 1048576K
}
Event: 40.721 GC heap after
{Heap after GC invocations=51 (full 3):
 PSYoungGen      total 16384K, used 352K [0x00000000d5580000, 0x00000000d6700000, 0x0000000100000000)
  eden space 15872K, 0% used [0x00000000d5580000,0x00000000d5580000,0x00000000d6500000)
  from space 512K, 68% used [0x00000000d6680000,0x00000000d66d8000,0x00000000d6700000)
  to   space 1024K, 0% used [0x00000000d6500000,0x00000000d6500000,0x00000000d6600000)
 ParOldGen       total 68608K, used 42707K [0x0000000080000000, 0x0000000084300000, 0x00000000d5580000)
  object space 68608K, 62% used [0x0000000080000000,0x00000000829b4f60,0x0000000084300000)
 Metaspace       used 66537K, committed 67776K, reserved 1114112K
  class space    used 8357K, committed 8896K, reserved 1048576K
}
Event: 69.691 GC heap before
{Heap before GC invocations=52 (full 3):
 PSYoungGen      total 16384K, used 16224K [0x00000000d5580000, 0x00000000d6700000, 0x0000000100000000)
  eden space 15872K, 100% used [0x00000000d5580000,0x00000000d6500000,0x00000000d6500000)
  from space 512K, 68% used [0x00000000d6680000,0x00000000d66d8000,0x00000000d6700000)
  to   space 1024K, 0% used [0x00000000d6500000,0x00000000d6500000,0x00000000d6600000)
 ParOldGen       total 68608K, used 42707K [0x0000000080000000, 0x0000000084300000, 0x00000000d5580000)
  object space 68608K, 62% used [0x0000000080000000,0x00000000829b4f60,0x0000000084300000)
 Metaspace       used 67144K, committed 68352K, reserved 1114112K
  class space    used 8434K, committed 8960K, reserved 1048576K
}
Event: 69.693 GC heap after
{Heap after GC invocations=52 (full 3):
 PSYoungGen      total 16896K, used 528K [0x00000000d5580000, 0x00000000d6700000, 0x0000000100000000)
  eden space 15872K, 0% used [0x00000000d5580000,0x00000000d5580000,0x00000000d6500000)
  from space 1024K, 51% used [0x00000000d6500000,0x00000000d6584020,0x00000000d6600000)
  to   space 1024K, 0% used [0x00000000d6600000,0x00000000d6600000,0x00000000d6700000)
 ParOldGen       total 68608K, used 42949K [0x0000000080000000, 0x0000000084300000, 0x00000000d5580000)
  object space 68608K, 62% used [0x0000000080000000,0x00000000829f1430,0x0000000084300000)
 Metaspace       used 67144K, committed 68352K, reserved 1114112K
  class space    used 8434K, committed 8960K, reserved 1048576K
}
Event: 70.171 GC heap before
{Heap before GC invocations=53 (full 3):
 PSYoungGen      total 16896K, used 16400K [0x00000000d5580000, 0x00000000d6700000, 0x0000000100000000)
  eden space 15872K, 100% used [0x00000000d5580000,0x00000000d6500000,0x00000000d6500000)
  from space 1024K, 51% used [0x00000000d6500000,0x00000000d6584020,0x00000000d6600000)
  to   space 1024K, 0% used [0x00000000d6600000,0x00000000d6600000,0x00000000d6700000)
 ParOldGen       total 68608K, used 42949K [0x0000000080000000, 0x0000000084300000, 0x00000000d5580000)
  object space 68608K, 62% used [0x0000000080000000,0x00000000829f1430,0x0000000084300000)
 Metaspace       used 68010K, committed 69376K, reserved 1114112K
  class space    used 8531K, committed 9088K, reserved 1048576K
}
Event: 70.172 GC heap after
{Heap after GC invocations=53 (full 3):
 PSYoungGen      total 16384K, used 1024K [0x00000000d5580000, 0x00000000d6800000, 0x0000000100000000)
  eden space 15360K, 0% used [0x00000000d5580000,0x00000000d5580000,0x00000000d6480000)
  from space 1024K, 100% used [0x00000000d6600000,0x00000000d6700000,0x00000000d6700000)
  to   space 1536K, 0% used [0x00000000d6480000,0x00000000d6480000,0x00000000d6600000)
 ParOldGen       total 68608K, used 43245K [0x0000000080000000, 0x0000000084300000, 0x00000000d5580000)
  object space 68608K, 63% used [0x0000000080000000,0x0000000082a3b440,0x0000000084300000)
 Metaspace       used 68010K, committed 69376K, reserved 1114112K
  class space    used 8531K, committed 9088K, reserved 1048576K
}
Event: 329.787 GC heap before
{Heap before GC invocations=54 (full 3):
 PSYoungGen      total 16384K, used 16384K [0x00000000d5580000, 0x00000000d6800000, 0x0000000100000000)
  eden space 15360K, 100% used [0x00000000d5580000,0x00000000d6480000,0x00000000d6480000)
  from space 1024K, 100% used [0x00000000d6600000,0x00000000d6700000,0x00000000d6700000)
  to   space 1536K, 0% used [0x00000000d6480000,0x00000000d6480000,0x00000000d6600000)
 ParOldGen       total 68608K, used 43245K [0x0000000080000000, 0x0000000084300000, 0x00000000d5580000)
  object space 68608K, 63% used [0x0000000080000000,0x0000000082a3b440,0x0000000084300000)
 Metaspace       used 68617K, committed 70016K, reserved 1114112K
  class space    used 8610K, committed 9216K, reserved 1048576K
}
Event: 329.788 GC heap after
{Heap after GC invocations=54 (full 3):
 PSYoungGen      total 15872K, used 320K [0x00000000d5580000, 0x00000000d6680000, 0x0000000100000000)
  eden space 15360K, 0% used [0x00000000d5580000,0x00000000d5580000,0x00000000d6480000)
  from space 512K, 62% used [0x00000000d6480000,0x00000000d64d0000,0x00000000d6500000)
  to   space 1024K, 0% used [0x00000000d6580000,0x00000000d6580000,0x00000000d6680000)
 ParOldGen       total 68608K, used 44131K [0x0000000080000000, 0x0000000084300000, 0x00000000d5580000)
  object space 68608K, 64% used [0x0000000080000000,0x0000000082b18fe0,0x0000000084300000)
 Metaspace       used 68617K, committed 70016K, reserved 1114112K
  class space    used 8610K, committed 9216K, reserved 1048576K
}

